<?xml version="1.0" encoding="UTF-8"?>
<!-- Generated by org.testng.reporters.JUnitReportReporter -->
<testsuite skipped="0" hostname="DESKTOP-72EUNVQ" name="com.training.sanity.tests.Testcase10" tests="1" failures="0" timestamp="04 Nov 2019 18:18:26 GMT" time="23.044" errors="0">
  <testcase name="validLoginTest" time="23.044" classname="com.training.sanity.tests.Testcase10"/>
</testsuite> <!-- com.training.sanity.tests.Testcase10 -->
